<?xml version="1.0" encoding="UTF-8"?>
<testsuites>
    <testsuite name="force.apex" timestamp="2020-11-05T16:44:09+11:00" hostname="https://bankr-5155--demofcsb.cloudforce.com" tests="1" failures="1"  errors="0"  time="0.99">
        <properties>
            <property name="outcome" value="Failed"/>
            <property name="testsRan" value="1"/>
            <property name="passing" value="0"/>
            <property name="failing" value="1"/>
            <property name="skipped" value="0"/>
            <property name="passRate" value="0%"/>
            <property name="failRate" value="100%"/>
            <property name="testStartTime" value="Nov 5, 2020 4:44 PM"/>
            <property name="testExecutionTime" value="0.99 s"/>
            <property name="testTotalTime" value="0.99 s"/>
            <property name="commandTime" value="5.17 s"/>
            <property name="hostname" value="https://bankr-5155--demofcsb.cloudforce.com"/>
            <property name="orgId" value="00D0l0000001PiREAU"/>
            <property name="username" value="satishkc@skcncinodemo.com.demofcsb"/>
            <property name="testRunId" value="7070l00001lsbxq"/>
            <property name="userId" value="0052w000003B0GMAA0"/>
        </properties>
        <testcase name="getcontactstest" classname="CreditControllerTest" time="0.99">
            <failure message="System.DmlException: Insert failed. First exception on row 0; first error: REQUIRED_FIELD_MISSING, Required fields are missing: [LastName]: [LastName]"><![CDATA[Class.TestDataFactory.createcon: line 54, column 1
Class.CreditControllerTest.getcontactstest: line 14, column 1]]></failure>
        </testcase>
    </testsuite>
</testsuites>
